# !SESSION 2024-04-26 09:47:29.326
# version: 1.1
# verbose: true
# The following option strings are specified for this debug session:
# 	null
| Worker-8: Setup scanner extension configuration | 2024-04-26 09:47:29.326 | com.iar.ide.common | /debug | com.iar.ide.common.logging.Logger | traceFile | 197 | SDK location does not exist: null |
# !SESSION 2024-04-26 11:32:14.007
# version: 1.1
# verbose: true
# The following option strings are specified for this debug session:
# 	null
| Worker-4: Setup scanner extension configuration | 2024-04-26 11:32:14.007 | com.iar.ide.common | /debug | com.iar.ide.common.logging.Logger | traceFile | 197 | SDK location does not exist: null |
# !SESSION 2024-04-28 13:31:07.743
# version: 1.1
# verbose: true
# The following option strings are specified for this debug session:
# 	null
| Worker-9: Setup scanner extension configuration | 2024-04-28 13:31:07.743 | com.iar.ide.common | /debug | com.iar.ide.common.logging.Logger | traceFile | 197 | SDK location does not exist: null |
# !SESSION 2024-09-01 15:47:45.347
# version: 1.1
# verbose: true
# The following option strings are specified for this debug session:
# 	null
| Worker-8: Setup scanner extension configuration | 2024-09-01 15:47:45.347 | com.iar.ide.common | /debug | com.iar.ide.common.logging.Logger | traceFile | 197 | SDK location does not exist: null |
# !SESSION 2024-09-01 15:53:21.932
# version: 1.1
# verbose: true
# The following option strings are specified for this debug session:
# 	null
| Worker-8: Setup scanner extension configuration | 2024-09-01 15:53:21.932 | com.iar.ide.common | /debug | com.iar.ide.common.logging.Logger | traceFile | 197 | SDK location does not exist: null |
# !SESSION 2024-12-20 10:24:17.641
# version: 1.1
# verbose: true
# The following option strings are specified for this debug session:
# 	null
| Worker-5: Setup scanner extension configuration | 2024-12-20 10:24:17.641 | com.iar.ide.common | /debug | com.iar.ide.common.logging.Logger | traceFile | 197 | SDK location does not exist: null |
# !SESSION 2024-12-20 10:27:29.910
# version: 1.1
# verbose: true
# The following option strings are specified for this debug session:
# 	null
| Worker-7: Setup scanner extension configuration | 2024-12-20 10:27:29.910 | com.iar.ide.common | /debug | com.iar.ide.common.logging.Logger | traceFile | 197 | SDK location does not exist: null |
# !SESSION 2024-12-21 10:22:47.990
# version: 1.1
# verbose: true
# The following option strings are specified for this debug session:
# 	null
| Worker-3: Setup scanner extension configuration | 2024-12-21 10:22:47.990 | com.iar.ide.common | /debug | com.iar.ide.common.logging.Logger | traceFile | 197 | SDK location does not exist: null |
# !SESSION 2024-12-21 11:42:14.803
# version: 1.1
# verbose: true
# The following option strings are specified for this debug session:
# 	null
| Worker-6: Setup scanner extension configuration | 2024-12-21 11:42:14.803 | com.iar.ide.common | /debug | com.iar.ide.common.logging.Logger | traceFile | 197 | SDK location does not exist: null |
| main | 2024-12-21 12:13:42.980 | com.iar.ide.common | /debug | com.iar.ide.common.logging.Logger | traceFile | 197 | Sdk not installed: arm () |
# !SESSION 2024-12-21 12:37:33.904
# version: 1.1
# verbose: true
# The following option strings are specified for this debug session:
# 	null
| main | 2024-12-21 12:37:33.904 | com.iar.ide.common | /debug | com.iar.ide.common.logging.Logger | traceFile | 197 | SDK location does not exist: null |
| main | 2024-12-21 12:37:33.905 | com.iar.ide.common | /debug | com.iar.ide.common.logging.Logger | traceFile | 197 | Sdk not installed: arm () |
# !SESSION 2024-12-21 13:57:30.158
# version: 1.1
# verbose: true
# The following option strings are specified for this debug session:
# 	null
| Worker-6: Setup scanner extension configuration | 2024-12-21 13:57:30.158 | com.iar.ide.common | /debug | com.iar.ide.common.logging.Logger | traceFile | 197 | SDK location does not exist: null |
# !SESSION 2024-12-21 14:00:00.227
# version: 1.1
# verbose: true
# The following option strings are specified for this debug session:
# 	null
| Worker-5: Setup scanner extension configuration | 2024-12-21 14:00:00.227 | com.iar.ide.common | /debug | com.iar.ide.common.logging.Logger | traceFile | 197 | SDK location does not exist: null |
# !SESSION 2024-12-21 14:03:46.082
# version: 1.1
# verbose: true
# The following option strings are specified for this debug session:
# 	null
| Worker-7: Setup scanner extension configuration | 2024-12-21 14:03:46.082 | com.iar.ide.common | /debug | com.iar.ide.common.logging.Logger | traceFile | 197 | SDK location does not exist: null |
# !SESSION 2024-12-21 14:19:39.431
# version: 1.1
# verbose: true
# The following option strings are specified for this debug session:
# 	null
| Worker-5: Setup scanner extension configuration | 2024-12-21 14:19:39.431 | com.iar.ide.common | /debug | com.iar.ide.common.logging.Logger | traceFile | 197 | SDK location does not exist: null |
# !SESSION 2024-12-21 14:22:50.825
# version: 1.1
# verbose: true
# The following option strings are specified for this debug session:
# 	null
| Worker-10: Setup scanner extension configuration | 2024-12-21 14:22:50.825 | com.iar.ide.common | /debug | com.iar.ide.common.logging.Logger | traceFile | 197 | SDK location does not exist: null |
# !SESSION 2024-12-21 14:53:24.585
# version: 1.1
# verbose: true
# The following option strings are specified for this debug session:
# 	null
| Worker-4: Setup scanner extension configuration | 2024-12-21 14:53:24.585 | com.iar.ide.common | /debug | com.iar.ide.common.logging.Logger | traceFile | 197 | SDK location does not exist: null |
# !SESSION 2024-12-21 14:56:02.818
# version: 1.1
# verbose: true
# The following option strings are specified for this debug session:
# 	null
| Worker-3: Setup scanner extension configuration | 2024-12-21 14:56:02.818 | com.iar.ide.common | /debug | com.iar.ide.common.logging.Logger | traceFile | 197 | SDK location does not exist: null |
# !SESSION 2024-12-22 10:47:26.438
# version: 1.1
# verbose: true
# The following option strings are specified for this debug session:
# 	null
| Worker-8: Setup scanner extension configuration | 2024-12-22 10:47:26.438 | com.iar.ide.common | /debug | com.iar.ide.common.logging.Logger | traceFile | 197 | SDK location does not exist: null |
# !SESSION 2024-12-22 11:24:06.302
# version: 1.1
# verbose: true
# The following option strings are specified for this debug session:
# 	null
| Worker-5: Setup scanner extension configuration | 2024-12-22 11:24:06.302 | com.iar.ide.common | /debug | com.iar.ide.common.logging.Logger | traceFile | 197 | SDK location does not exist: null |
# !SESSION 2024-12-22 11:24:23.075
# version: 1.1
# verbose: true
# The following option strings are specified for this debug session:
# 	null
| Worker-5: Setup scanner extension configuration | 2024-12-22 11:24:23.075 | com.iar.ide.common | /debug | com.iar.ide.common.logging.Logger | traceFile | 197 | SDK location does not exist: null |
# !SESSION 2024-12-22 11:31:09.746
# version: 1.1
# verbose: true
# The following option strings are specified for this debug session:
# 	null
| Worker-5: Setup scanner extension configuration | 2024-12-22 11:31:09.746 | com.iar.ide.common | /debug | com.iar.ide.common.logging.Logger | traceFile | 197 | SDK location does not exist: null |
# !SESSION 2024-12-24 09:13:22.517
# version: 1.1
# verbose: true
# The following option strings are specified for this debug session:
# 	null
| Worker-4: Setup scanner extension configuration | 2024-12-24 09:13:22.517 | com.iar.ide.common | /debug | com.iar.ide.common.logging.Logger | traceFile | 197 | SDK location does not exist: null |
# !SESSION 2024-12-27 22:04:39.289
# version: 1.1
# verbose: true
# The following option strings are specified for this debug session:
# 	null
| Worker-4: Setup scanner extension configuration | 2024-12-27 22:04:39.289 | com.iar.ide.common | /debug | com.iar.ide.common.logging.Logger | traceFile | 197 | SDK location does not exist: null |
# !SESSION 2025-01-19 15:58:51.468
# version: 1.1
# verbose: true
# The following option strings are specified for this debug session:
# 	null
| Worker-4: Setup scanner extension configuration | 2025-01-19 15:58:51.468 | com.iar.ide.common | /debug | com.iar.ide.common.logging.Logger | traceFile | 197 | SDK location does not exist: null |
# !SESSION 2025-01-19 16:13:47.857
# version: 1.1
# verbose: true
# The following option strings are specified for this debug session:
# 	null
| Worker-7: Setup scanner extension configuration | 2025-01-19 16:13:47.857 | com.iar.ide.common | /debug | com.iar.ide.common.logging.Logger | traceFile | 197 | SDK location does not exist: null |
# !SESSION 2025-01-22 12:30:14.000
# version: 1.1
# verbose: true
# The following option strings are specified for this debug session:
# 	null
| Worker-4: Setup scanner extension configuration | 2025-01-22 12:30:14.000 | com.iar.ide.common | /debug | com.iar.ide.common.logging.Logger | traceFile | 197 | SDK location does not exist: null |
# !SESSION 2025-01-24 12:35:09.838
# version: 1.1
# verbose: true
# The following option strings are specified for this debug session:
# 	null
| Worker-5: Setup scanner extension configuration | 2025-01-24 12:35:09.838 | com.iar.ide.common | /debug | com.iar.ide.common.logging.Logger | traceFile | 197 | SDK location does not exist: null |
# !SESSION 2025-01-24 13:07:18.361
# version: 1.1
# verbose: true
# The following option strings are specified for this debug session:
# 	null
| Worker-8: Setup scanner extension configuration | 2025-01-24 13:07:18.361 | com.iar.ide.common | /debug | com.iar.ide.common.logging.Logger | traceFile | 197 | SDK location does not exist: null |
# !SESSION 2025-01-24 13:09:28.905
# version: 1.1
# verbose: true
# The following option strings are specified for this debug session:
# 	null
| Worker-8: Setup scanner extension configuration | 2025-01-24 13:09:28.905 | com.iar.ide.common | /debug | com.iar.ide.common.logging.Logger | traceFile | 197 | SDK location does not exist: null |
# !SESSION 2025-01-24 13:12:20.698
# version: 1.1
# verbose: true
# The following option strings are specified for this debug session:
# 	null
| Worker-8: Setup scanner extension configuration | 2025-01-24 13:12:20.698 | com.iar.ide.common | /debug | com.iar.ide.common.logging.Logger | traceFile | 197 | SDK location does not exist: null |
# !SESSION 2025-01-24 13:19:13.947
# version: 1.1
# verbose: true
# The following option strings are specified for this debug session:
# 	null
| Worker-5: Setup scanner extension configuration | 2025-01-24 13:19:13.947 | com.iar.ide.common | /debug | com.iar.ide.common.logging.Logger | traceFile | 197 | SDK location does not exist: null |
# !SESSION 2025-01-24 13:23:34.256
# version: 1.1
# verbose: true
# The following option strings are specified for this debug session:
# 	null
| Worker-0: Setup scanner extension configuration | 2025-01-24 13:23:34.256 | com.iar.ide.common | /debug | com.iar.ide.common.logging.Logger | traceFile | 197 | SDK location does not exist: null |
# !SESSION 2025-01-24 13:30:10.022
# version: 1.1
# verbose: true
# The following option strings are specified for this debug session:
# 	null
| Worker-4: Setup scanner extension configuration | 2025-01-24 13:30:10.022 | com.iar.ide.common | /debug | com.iar.ide.common.logging.Logger | traceFile | 197 | SDK location does not exist: null |
# !SESSION 2025-01-24 13:35:54.317
# version: 1.1
# verbose: true
# The following option strings are specified for this debug session:
# 	null
| Worker-10: Setup scanner extension configuration | 2025-01-24 13:35:54.317 | com.iar.ide.common | /debug | com.iar.ide.common.logging.Logger | traceFile | 197 | SDK location does not exist: null |
# !SESSION 2025-01-24 13:52:50.310
# version: 1.1
# verbose: true
# The following option strings are specified for this debug session:
# 	null
| Worker-10: Setup scanner extension configuration | 2025-01-24 13:52:50.310 | com.iar.ide.common | /debug | com.iar.ide.common.logging.Logger | traceFile | 197 | SDK location does not exist: null |
# !SESSION 2025-01-24 13:53:27.935
# version: 1.1
# verbose: true
# The following option strings are specified for this debug session:
# 	null
| Worker-9: Setup scanner extension configuration | 2025-01-24 13:53:27.935 | com.iar.ide.common | /debug | com.iar.ide.common.logging.Logger | traceFile | 197 | SDK location does not exist: null |
# !SESSION 2025-01-24 13:53:42.651
# version: 1.1
# verbose: true
# The following option strings are specified for this debug session:
# 	null
| Worker-8: Setup scanner extension configuration | 2025-01-24 13:53:42.651 | com.iar.ide.common | /debug | com.iar.ide.common.logging.Logger | traceFile | 197 | SDK location does not exist: null |
# !SESSION 2025-01-24 14:08:45.149
# version: 1.1
# verbose: true
# The following option strings are specified for this debug session:
# 	null
| Worker-11: Setup scanner extension configuration | 2025-01-24 14:08:45.149 | com.iar.ide.common | /debug | com.iar.ide.common.logging.Logger | traceFile | 197 | SDK location does not exist: null |
# !SESSION 2025-01-24 15:30:01.927
# version: 1.1
# verbose: true
# The following option strings are specified for this debug session:
# 	null
| Worker-10: Setup scanner extension configuration | 2025-01-24 15:30:01.927 | com.iar.ide.common | /debug | com.iar.ide.common.logging.Logger | traceFile | 197 | SDK location does not exist: null |
# !SESSION 2025-01-24 15:31:07.054
# version: 1.1
# verbose: true
# The following option strings are specified for this debug session:
# 	null
| Worker-3: Setup scanner extension configuration | 2025-01-24 15:31:07.054 | com.iar.ide.common | /debug | com.iar.ide.common.logging.Logger | traceFile | 197 | SDK location does not exist: null |
# !SESSION 2025-01-24 15:32:52.841
# version: 1.1
# verbose: true
# The following option strings are specified for this debug session:
# 	null
| Worker-11: Setup scanner extension configuration | 2025-01-24 15:32:52.841 | com.iar.ide.common | /debug | com.iar.ide.common.logging.Logger | traceFile | 197 | SDK location does not exist: null |
# !SESSION 2025-01-24 15:34:08.429
# version: 1.1
# verbose: true
# The following option strings are specified for this debug session:
# 	null
| Worker-1: Setup scanner extension configuration | 2025-01-24 15:34:08.429 | com.iar.ide.common | /debug | com.iar.ide.common.logging.Logger | traceFile | 197 | SDK location does not exist: null |
# !SESSION 2025-01-24 15:39:24.616
# version: 1.1
# verbose: true
# The following option strings are specified for this debug session:
# 	null
| Worker-10: Setup scanner extension configuration | 2025-01-24 15:39:24.616 | com.iar.ide.common | /debug | com.iar.ide.common.logging.Logger | traceFile | 197 | SDK location does not exist: null |
# !SESSION 2025-01-25 12:05:55.741
# version: 1.1
# verbose: true
# The following option strings are specified for this debug session:
# 	null
| Worker-9: Setup scanner extension configuration | 2025-01-25 12:05:55.741 | com.iar.ide.common | /debug | com.iar.ide.common.logging.Logger | traceFile | 197 | SDK location does not exist: null |
# !SESSION 2025-01-25 12:15:50.535
# version: 1.1
# verbose: true
# The following option strings are specified for this debug session:
# 	null
| Worker-0: Setup scanner extension configuration | 2025-01-25 12:15:50.535 | com.iar.ide.common | /debug | com.iar.ide.common.logging.Logger | traceFile | 197 | SDK location does not exist: null |
# !SESSION 2025-01-25 12:23:47.658
# version: 1.1
# verbose: true
# The following option strings are specified for this debug session:
# 	null
| Worker-1: Setup scanner extension configuration | 2025-01-25 12:23:47.658 | com.iar.ide.common | /debug | com.iar.ide.common.logging.Logger | traceFile | 197 | SDK location does not exist: null |
# !SESSION 2025-01-26 12:33:27.163
# version: 1.1
# verbose: true
# The following option strings are specified for this debug session:
# 	null
| Worker-10: Setup scanner extension configuration | 2025-01-26 12:33:27.163 | com.iar.ide.common | /debug | com.iar.ide.common.logging.Logger | traceFile | 197 | SDK location does not exist: null |
# !SESSION 2025-01-26 15:33:20.323
# version: 1.1
# verbose: true
# The following option strings are specified for this debug session:
# 	null
| Worker-7: Setup scanner extension configuration | 2025-01-26 15:33:20.323 | com.iar.ide.common | /debug | com.iar.ide.common.logging.Logger | traceFile | 197 | SDK location does not exist: null |
# !SESSION 2025-01-26 19:23:12.378
# version: 1.1
# verbose: true
# The following option strings are specified for this debug session:
# 	null
| Worker-5: Setup scanner extension configuration | 2025-01-26 19:23:12.378 | com.iar.ide.common | /debug | com.iar.ide.common.logging.Logger | traceFile | 197 | SDK location does not exist: null |
# !SESSION 2025-01-26 19:33:10.381
# version: 1.1
# verbose: true
# The following option strings are specified for this debug session:
# 	null
| Worker-8: Setup scanner extension configuration | 2025-01-26 19:33:10.381 | com.iar.ide.common | /debug | com.iar.ide.common.logging.Logger | traceFile | 197 | SDK location does not exist: null |
# !SESSION 2025-01-27 08:27:22.322
# version: 1.1
# verbose: true
# The following option strings are specified for this debug session:
# 	null
| Worker-11: Setup scanner extension configuration | 2025-01-27 08:27:22.322 | com.iar.ide.common | /debug | com.iar.ide.common.logging.Logger | traceFile | 197 | SDK location does not exist: null |
# !SESSION 2025-01-27 11:08:01.301
# version: 1.1
# verbose: true
# The following option strings are specified for this debug session:
# 	null
| Worker-5: Setup scanner extension configuration | 2025-01-27 11:08:01.301 | com.iar.ide.common | /debug | com.iar.ide.common.logging.Logger | traceFile | 197 | SDK location does not exist: null |
# !SESSION 2025-01-27 11:09:36.358
# version: 1.1
# verbose: true
# The following option strings are specified for this debug session:
# 	null
| Worker-11: Setup scanner extension configuration | 2025-01-27 11:09:36.358 | com.iar.ide.common | /debug | com.iar.ide.common.logging.Logger | traceFile | 197 | SDK location does not exist: null |
# !SESSION 2025-01-27 11:15:19.346
# version: 1.1
# verbose: true
# The following option strings are specified for this debug session:
# 	null
| Worker-9: Setup scanner extension configuration | 2025-01-27 11:15:19.346 | com.iar.ide.common | /debug | com.iar.ide.common.logging.Logger | traceFile | 197 | SDK location does not exist: null |
# !SESSION 2025-01-29 11:58:02.405
# version: 1.1
# verbose: true
# The following option strings are specified for this debug session:
# 	null
| Worker-4: Setup scanner extension configuration | 2025-01-29 11:58:02.405 | com.iar.ide.common | /debug | com.iar.ide.common.logging.Logger | traceFile | 197 | SDK location does not exist: null |
